Using pre-set license
Built from '2022.3/staging' branch; Version is '2022.3.27f1 (73effa14754f) revision 7598074'; Using compiler version '192829333'; Build Type 'Release'
OS: 'Windows 11  (10.0.22631) 64bit Core' Language: 'ru' Physical Memory: 16073 MB
BatchMode: 1, IsHumanControllingUs: 0, StartBugReporterOnCrash: 0, Is64bit: 1, IsPro: 1

COMMAND LINE ARGUMENTS:
C:\Program Files\Unity\Hub\Editor\2022.3.27f1\Editor\Unity.exe
-adb2
-batchMode
-noUpm
-name
AssetImportWorker0
-projectPath
C:/Users/ezio5/dev_test
-logFile
Logs/AssetImportWorker0.log
-srvPort
51801
Successfully changed project path to: C:/Users/ezio5/dev_test
C:/Users/ezio5/dev_test
[UnityMemory] Configuration Parameters - Can be set up in boot.config
    "memorysetup-bucket-allocator-granularity=16"
    "memorysetup-bucket-allocator-bucket-count=8"
    "memorysetup-bucket-allocator-block-size=33554432"
    "memorysetup-bucket-allocator-block-count=8"
    "memorysetup-main-allocator-block-size=16777216"
    "memorysetup-thread-allocator-block-size=16777216"
    "memorysetup-gfx-main-allocator-block-size=16777216"
    "memorysetup-gfx-thread-allocator-block-size=16777216"
    "memorysetup-cache-allocator-block-size=4194304"
    "memorysetup-typetree-allocator-block-size=2097152"
    "memorysetup-profiler-bucket-allocator-granularity=16"
    "memorysetup-profiler-bucket-allocator-bucket-count=8"
    "memorysetup-profiler-bucket-allocator-block-size=33554432"
    "memorysetup-profiler-bucket-allocator-block-count=8"
    "memorysetup-profiler-allocator-block-size=16777216"
    "memorysetup-profiler-editor-allocator-block-size=1048576"
    "memorysetup-temp-allocator-size-main=16777216"
    "memorysetup-job-temp-allocator-block-size=2097152"
    "memorysetup-job-temp-allocator-block-size-background=1048576"
    "memorysetup-job-temp-allocator-reduction-small-platforms=262144"
    "memorysetup-allocator-temp-initial-block-size-main=262144"
    "memorysetup-allocator-temp-initial-block-size-worker=262144"
    "memorysetup-temp-allocator-size-background-worker=32768"
    "memorysetup-temp-allocator-size-job-worker=262144"
    "memorysetup-temp-allocator-size-preload-manager=33554432"
    "memorysetup-temp-allocator-size-nav-mesh-worker=65536"
    "memorysetup-temp-allocator-size-audio-worker=65536"
    "memorysetup-temp-allocator-size-cloud-worker=32768"
    "memorysetup-temp-allocator-size-gi-baking-worker=262144"
    "memorysetup-temp-allocator-size-gfx=262144"
Player connection [16148] Host "[IP] 176.65.40.166 [Port] 0 [Flags] 2 [Guid] 604910893 [EditorId] 604910893 [Version] 1048832 [Id] WindowsEditor(7,Ezio50) [Debug] 1 [PackageName] WindowsEditor [ProjectName] Editor" joined multi-casting on [225.0.0.222:54997]...

Player connection [16148] Host "[IP] 176.65.40.166 [Port] 0 [Flags] 2 [Guid] 604910893 [EditorId] 604910893 [Version] 1048832 [Id] WindowsEditor(7,Ezio50) [Debug] 1 [PackageName] WindowsEditor [ProjectName] Editor" joined alternative multi-casting on [225.0.0.222:34997]...

[Physics::Module] Initialized MultithreadedJobDispatcher with 7 workers.
Refreshing native plugins compatible for Editor in 6.26 ms, found 3 plugins.
Preloading 0 native plugins for Editor in 0.00 ms.
Initialize engine version: 2022.3.27f1 (73effa14754f)
[Subsystems] Discovering subsystems at path C:/Program Files/Unity/Hub/Editor/2022.3.27f1/Editor/Data/Resources/UnitySubsystems
[Subsystems] Discovering subsystems at path C:/Users/ezio5/dev_test/Assets
GfxDevice: creating device client; threaded=0; jobified=0
Direct3D:
    Version:  Direct3D 11.0 [level 11.1]
    Renderer: NVIDIA GeForce RTX 3050 Laptop GPU (ID=0x25a5)
    Vendor:   NVIDIA
    VRAM:     3964 MB
    Driver:   31.0.15.5244
Initialize mono
Mono path[0] = 'C:/Program Files/Unity/Hub/Editor/2022.3.27f1/Editor/Data/Managed'
Mono path[1] = 'C:/Program Files/Unity/Hub/Editor/2022.3.27f1/Editor/Data/MonoBleedingEdge/lib/mono/unityjit-win32'
Mono config path = 'C:/Program Files/Unity/Hub/Editor/2022.3.27f1/Editor/Data/MonoBleedingEdge/etc'
Using monoOptions --debugger-agent=transport=dt_socket,embedding=1,server=y,suspend=n,address=127.0.0.1:56116
Begin MonoManager ReloadAssembly
Registering precompiled unity dll's ...
Register platform support module: C:/Program Files/Unity/Hub/Editor/2022.3.27f1/Editor/Data/PlaybackEngines/WindowsStandaloneSupport/UnityEditor.WindowsStandalone.Extensions.dll
Registered in 0.004477 seconds.
- Loaded All Assemblies, in  0.325 seconds
Native extension for WindowsStandalone target not found
Mono: successfully reloaded assembly
- Finished resetting the current domain, in  0.320 seconds
Domain Reload Profiling: 644ms
	BeginReloadAssembly (95ms)
		ExecutionOrderSort (0ms)
		DisableScriptedObjects (0ms)
		BackupInstance (0ms)
		ReleaseScriptingObjects (0ms)
		CreateAndSetChildDomain (1ms)
	RebuildCommonClasses (31ms)
	RebuildNativeTypeToScriptingClass (9ms)
	initialDomainReloadingComplete (48ms)
	LoadAllAssembliesAndSetupDomain (140ms)
		LoadAssemblies (93ms)
		RebuildTransferFunctionScriptingTraits (0ms)
		AnalyzeDomain (139ms)
			TypeCache.Refresh (137ms)
				TypeCache.ScanAssembly (124ms)
			ScanForSourceGeneratedMonoScriptInfo (0ms)
			ResolveRequiredComponents (0ms)
	FinalizeReload (321ms)
		ReleaseScriptCaches (0ms)
		RebuildScriptCaches (0ms)
		SetupLoadedEditorAssemblies (253ms)
			LogAssemblyErrors (0ms)
			InitializePlatformSupportModulesInManaged (8ms)
			SetLoadedEditorAssemblies (7ms)
			RefreshPlugins (0ms)
			BeforeProcessingInitializeOnLoad (3ms)
			ProcessInitializeOnLoadAttributes (169ms)
			ProcessInitializeOnLoadMethodAttributes (66ms)
			AfterProcessingInitializeOnLoad (0ms)
			EditorAssembliesLoaded (0ms)
		ExecutionOrderSort2 (0ms)
		AwakeInstancesAfterBackupRestoration (0ms)
========================================================================
Worker process is ready to serve import requests
Begin MonoManager ReloadAssembly
- Loaded All Assemblies, in  0.771 seconds
Refreshing native plugins compatible for Editor in 3.64 ms, found 3 plugins.
Native extension for WindowsStandalone target not found
Package Manager log level set to [2]
[Package Manager] Server::EnsureServerProcessIsRunning -- launch failed, reason: Unity was launched with the -noUpm command-line argument
[Package Manager] UpmClient::Send -- Unable to send message (not connected to UPM process).
[Package Manager] Cannot connect to Unity Package Manager local server
Mono: successfully reloaded assembly
- Finished resetting the current domain, in  0.929 seconds
Domain Reload Profiling: 1699ms
	BeginReloadAssembly (197ms)
		ExecutionOrderSort (0ms)
		DisableScriptedObjects (8ms)
		BackupInstance (0ms)
		ReleaseScriptingObjects (0ms)
		CreateAndSetChildDomain (33ms)
	RebuildCommonClasses (43ms)
	RebuildNativeTypeToScriptingClass (18ms)
	initialDomainReloadingComplete (46ms)
	LoadAllAssembliesAndSetupDomain (466ms)
		LoadAssemblies (333ms)
		RebuildTransferFunctionScriptingTraits (0ms)
		AnalyzeDomain (244ms)
			TypeCache.Refresh (217ms)
				TypeCache.ScanAssembly (199ms)
			ScanForSourceGeneratedMonoScriptInfo (19ms)
			ResolveRequiredComponents (5ms)
	FinalizeReload (930ms)
		ReleaseScriptCaches (0ms)
		RebuildScriptCaches (0ms)
		SetupLoadedEditorAssemblies (735ms)
			LogAssemblyErrors (0ms)
			InitializePlatformSupportModulesInManaged (8ms)
			SetLoadedEditorAssemblies (6ms)
			RefreshPlugins (0ms)
			BeforeProcessingInitializeOnLoad (69ms)
			ProcessInitializeOnLoadAttributes (619ms)
			ProcessInitializeOnLoadMethodAttributes (27ms)
			AfterProcessingInitializeOnLoad (7ms)
			EditorAssembliesLoaded (0ms)
		ExecutionOrderSort2 (0ms)
		AwakeInstancesAfterBackupRestoration (8ms)
Launched and connected shader compiler UnityShaderCompiler.exe after 0.10 seconds
Refreshing native plugins compatible for Editor in 4.81 ms, found 3 plugins.
Preloading 0 native plugins for Editor in 0.00 ms.
Unloading 3170 Unused Serialized files (Serialized files now loaded: 0)
Unloading 33 unused Assets / (58.4 KB). Loaded Objects now: 3659.
Memory consumption went from 155.7 MB to 155.7 MB.
Total: 4.722500 ms (FindLiveObjects: 0.335200 ms CreateObjectMapping: 0.315100 ms MarkObjects: 3.762900 ms  DeleteObjects: 0.307700 ms)

AssetImportParameters requested are different than current active one (requested -> active):
  custom:container-demuxer-ogg: 62fdf1f143b41e24485cea50d1cbac27 -> 
  custom:video-decoder-ogg-theora: a1e56fd34408186e4bbccfd4996cb3dc -> 
  custom:framework-win-MediaFoundation: 216162199b28c13a410421893ffa2e32 -> 
  custom:CustomObjectIndexerAttribute: 9a22284fe3817be447336de3de66b15e -> 
  custom:container-demuxer-webm: 4f35f7cbe854078d1ac9338744f61a02 -> 
  custom:container-muxer-webm: aa71ff27fc2769a1b78a27578f13a17b -> 
  custom:video-decoder-webm-vp8: 9c59270c3fd7afecdb556c50c9e8de78 -> 
  custom:SearchIndexIgnoredProperties: e643bd26f0fe6173181afceb89e7c659 -> 
  custom:AudioImporter_EditorPlatform: d09bf68614088b80899f8185d706f6e7 -> 
  custom:video-encoder-webm-vp8: eb34c28f22e8b96e1ab97ce403110664 -> 
  custom:audio-decoder-ogg-vorbis: bf7c407c2cedff20999df2af8eb42d56 -> 
  custom:audio-encoder-webm-vorbis: bf7c407c2cedff20999df2af8eb42d56 -> 
========================================================================
Received Import Request.
  Time since last request: 8017.062146 seconds.
  path: Assets/Staff
  artifactKey: Guid(48822368c4d731a4b954de0b722cddd9) Importer(815301076,1909f56bfc062723c751e8b465ee728b)
Start importing Assets/Staff using Guid(48822368c4d731a4b954de0b722cddd9) Importer(815301076,1909f56bfc062723c751e8b465ee728b)  -> (artifact id: 'a519ea06041471a8a87e0aaef88ef9cd') in 0.003811 seconds
Number of updated asset objects reloaded before import = 0
Number of asset objects unloaded after import = 0
========================================================================
Received Import Request.
  Time since last request: 15.950298 seconds.
  path: Assets/Staff/Staff1.fbx
  artifactKey: Guid(32d415ebd295096459ee87e5388d128f) Importer(815301076,1909f56bfc062723c751e8b465ee728b)
Start importing Assets/Staff/Staff1.fbx using Guid(32d415ebd295096459ee87e5388d128f) Importer(815301076,1909f56bfc062723c751e8b465ee728b)  -> (artifact id: '2562707d8d60c09f009d5dfd16467455') in 0.176404 seconds
Number of updated asset objects reloaded before import = 0
Number of asset objects unloaded after import = 19
========================================================================
Received Import Request.
  Time since last request: 0.000030 seconds.
  path: Assets/Staff/Texture5.png
  artifactKey: Guid(71d64f2d00174964689f39d49415f742) Importer(815301076,1909f56bfc062723c751e8b465ee728b)
Start importing Assets/Staff/Texture5.png using Guid(71d64f2d00174964689f39d49415f742) Importer(815301076,1909f56bfc062723c751e8b465ee728b)  -> (artifact id: '4649d087123f2a5460ae9f1e8ac62c0d') in 0.040641 seconds
Number of updated asset objects reloaded before import = 0
Number of asset objects unloaded after import = 2
========================================================================
Received Import Request.
  Time since last request: 0.000100 seconds.
  path: Assets/Staff/Texture1.png
  artifactKey: Guid(ee0583eacbe3e0a4793d57df0e149524) Importer(815301076,1909f56bfc062723c751e8b465ee728b)
Start importing Assets/Staff/Texture1.png using Guid(ee0583eacbe3e0a4793d57df0e149524) Importer(815301076,1909f56bfc062723c751e8b465ee728b)  -> (artifact id: '1b77ffa431f74f87b8019d001ae30260') in 0.025486 seconds
Number of updated asset objects reloaded before import = 0
Number of asset objects unloaded after import = 2
========================================================================
Received Import Request.
  Time since last request: 0.000023 seconds.
  path: Assets/Staff/Texture3.png
  artifactKey: Guid(911d0de7a221fda43b1c11787bcfa589) Importer(815301076,1909f56bfc062723c751e8b465ee728b)
Start importing Assets/Staff/Texture3.png using Guid(911d0de7a221fda43b1c11787bcfa589) Importer(815301076,1909f56bfc062723c751e8b465ee728b)  -> (artifact id: 'b02212fdf2c460d7f2a8c34f5a25112d') in 0.021598 seconds
Number of updated asset objects reloaded before import = 0
Number of asset objects unloaded after import = 2
========================================================================
Received Import Request.
  Time since last request: 0.000025 seconds.
  path: Assets/Staff/Texture6.png
  artifactKey: Guid(e2ae12a7bdfddd64193268f54f595c13) Importer(815301076,1909f56bfc062723c751e8b465ee728b)
Start importing Assets/Staff/Texture6.png using Guid(e2ae12a7bdfddd64193268f54f595c13) Importer(815301076,1909f56bfc062723c751e8b465ee728b)  -> (artifact id: 'ce97c85ecc7f8a744da19b9d647703cc') in 0.016043 seconds
Number of updated asset objects reloaded before import = 0
Number of asset objects unloaded after import = 2
========================================================================
Received Import Request.
  Time since last request: 36.156230 seconds.
  path: Assets/Staff/Texture1.mat
  artifactKey: Guid(6226290f7c27462409b5620e9759d0c4) Importer(815301076,1909f56bfc062723c751e8b465ee728b)
Start importing Assets/Staff/Texture1.mat using Guid(6226290f7c27462409b5620e9759d0c4) Importer(815301076,1909f56bfc062723c751e8b465ee728b)  -> (artifact id: '5b953498ddabda33bb210514386923c3') in 0.015270 seconds
Number of updated asset objects reloaded before import = 0
Number of asset objects unloaded after import = 1
========================================================================
Received Import Request.
  Time since last request: 1.270722 seconds.
  path: Assets/Staff/Texture1 1.mat
  artifactKey: Guid(621d940b94c878b428d6d6a9d388b018) Importer(815301076,1909f56bfc062723c751e8b465ee728b)
Start importing Assets/Staff/Texture1 1.mat using Guid(621d940b94c878b428d6d6a9d388b018) Importer(815301076,1909f56bfc062723c751e8b465ee728b)  -> (artifact id: '5adadf48847152c5a65123731c0e7909') in 0.009102 seconds
Number of updated asset objects reloaded before import = 0
Number of asset objects unloaded after import = 1
========================================================================
Received Import Request.
  Time since last request: 3.523114 seconds.
  path: Assets/Staff/Texture2.mat
  artifactKey: Guid(621d940b94c878b428d6d6a9d388b018) Importer(815301076,1909f56bfc062723c751e8b465ee728b)
Start importing Assets/Staff/Texture2.mat using Guid(621d940b94c878b428d6d6a9d388b018) Importer(815301076,1909f56bfc062723c751e8b465ee728b)  -> (artifact id: 'ad1bb8ceee5552fac4d608d483c41ee3') in 0.010849 seconds
Number of updated asset objects reloaded before import = 0
Number of asset objects unloaded after import = 1
========================================================================
Received Import Request.
  Time since last request: 1.579198 seconds.
  path: Assets/Staff/Texture2 1.mat
  artifactKey: Guid(31433daf4f9d8a94e9090fe6e8c4876a) Importer(815301076,1909f56bfc062723c751e8b465ee728b)
Start importing Assets/Staff/Texture2 1.mat using Guid(31433daf4f9d8a94e9090fe6e8c4876a) Importer(815301076,1909f56bfc062723c751e8b465ee728b)  -> (artifact id: 'df9cd00ac01712b87931315ef52ffc35') in 0.008336 seconds
Number of updated asset objects reloaded before import = 0
Number of asset objects unloaded after import = 1
========================================================================
Received Import Request.
  Time since last request: 2.609824 seconds.
  path: Assets/Staff/Texture3.mat
  artifactKey: Guid(31433daf4f9d8a94e9090fe6e8c4876a) Importer(815301076,1909f56bfc062723c751e8b465ee728b)
Start importing Assets/Staff/Texture3.mat using Guid(31433daf4f9d8a94e9090fe6e8c4876a) Importer(815301076,1909f56bfc062723c751e8b465ee728b)  -> (artifact id: '8e9bb67f63e4fffb0b5ab840fb5a64eb') in 0.011325 seconds
Number of updated asset objects reloaded before import = 0
Number of asset objects unloaded after import = 1
========================================================================
Received Import Request.
  Time since last request: 0.783913 seconds.
  path: Assets/Staff/Texture3 1.mat
  artifactKey: Guid(a3ec87e918425af4cb0d7bcb92f9021d) Importer(815301076,1909f56bfc062723c751e8b465ee728b)
Start importing Assets/Staff/Texture3 1.mat using Guid(a3ec87e918425af4cb0d7bcb92f9021d) Importer(815301076,1909f56bfc062723c751e8b465ee728b)  -> (artifact id: '555f83ad9279106bc2591eef40ba4ce9') in 0.014384 seconds
Number of updated asset objects reloaded before import = 0
Number of asset objects unloaded after import = 1
========================================================================
Received Import Request.
  Time since last request: 2.834238 seconds.
  path: Assets/Staff/Texture4.mat
  artifactKey: Guid(a3ec87e918425af4cb0d7bcb92f9021d) Importer(815301076,1909f56bfc062723c751e8b465ee728b)
Start importing Assets/Staff/Texture4.mat using Guid(a3ec87e918425af4cb0d7bcb92f9021d) Importer(815301076,1909f56bfc062723c751e8b465ee728b)  -> (artifact id: '52ed17e7e3e4e90c3de3831a762f00d5') in 0.009915 seconds
Number of updated asset objects reloaded before import = 0
Number of asset objects unloaded after import = 1
========================================================================
Received Import Request.
  Time since last request: 1.638021 seconds.
  path: Assets/Staff/Texture4 1.mat
  artifactKey: Guid(b0c333abbe954a940aad11e5ead174a0) Importer(815301076,1909f56bfc062723c751e8b465ee728b)
Start importing Assets/Staff/Texture4 1.mat using Guid(b0c333abbe954a940aad11e5ead174a0) Importer(815301076,1909f56bfc062723c751e8b465ee728b)  -> (artifact id: '73d7f3e17b92e5536e2150e44d46d40e') in 0.010333 seconds
Number of updated asset objects reloaded before import = 0
Number of asset objects unloaded after import = 1
========================================================================
Received Import Request.
  Time since last request: 3.506577 seconds.
  path: Assets/Staff/Texture5.mat
  artifactKey: Guid(b0c333abbe954a940aad11e5ead174a0) Importer(815301076,1909f56bfc062723c751e8b465ee728b)
Start importing Assets/Staff/Texture5.mat using Guid(b0c333abbe954a940aad11e5ead174a0) Importer(815301076,1909f56bfc062723c751e8b465ee728b)  -> (artifact id: 'e672aa64ab0acee448e7e2776f78cbcb') in 0.009323 seconds
Number of updated asset objects reloaded before import = 0
Number of asset objects unloaded after import = 1
========================================================================
Received Import Request.
  Time since last request: 0.614991 seconds.
  path: Assets/Staff/Texture4 1.mat
  artifactKey: Guid(664c4cd5af965314b952af4ed9f18df5) Importer(815301076,1909f56bfc062723c751e8b465ee728b)
Start importing Assets/Staff/Texture4 1.mat using Guid(664c4cd5af965314b952af4ed9f18df5) Importer(815301076,1909f56bfc062723c751e8b465ee728b)  -> (artifact id: '86706a589c8b731af0fa2dcec00c5949') in 0.009754 seconds
Number of updated asset objects reloaded before import = 0
Number of asset objects unloaded after import = 1
========================================================================
Received Import Request.
  Time since last request: 3.125514 seconds.
  path: Assets/Staff/Texture6.mat
  artifactKey: Guid(664c4cd5af965314b952af4ed9f18df5) Importer(815301076,1909f56bfc062723c751e8b465ee728b)
Start importing Assets/Staff/Texture6.mat using Guid(664c4cd5af965314b952af4ed9f18df5) Importer(815301076,1909f56bfc062723c751e8b465ee728b)  -> (artifact id: '4a7ecc4588692a6c042cd6ae6d73e8a7') in 0.010098 seconds
Number of updated asset objects reloaded before import = 0
Number of asset objects unloaded after import = 1
========================================================================
Received Import Request.
  Time since last request: 42.350070 seconds.
  path: Assets/Staff/Texture1.mat
  artifactKey: Guid(6226290f7c27462409b5620e9759d0c4) Importer(815301076,1909f56bfc062723c751e8b465ee728b)
Start importing Assets/Staff/Texture1.mat using Guid(6226290f7c27462409b5620e9759d0c4) Importer(815301076,1909f56bfc062723c751e8b465ee728b)  -> (artifact id: 'a536c81e534c2edb57adc74975557ec6') in 0.024178 seconds
Number of updated asset objects reloaded before import = 0
Number of asset objects unloaded after import = 2
========================================================================
Received Import Request.
  Time since last request: 0.000018 seconds.
  path: Assets/Staff/Texture4.mat
  artifactKey: Guid(a3ec87e918425af4cb0d7bcb92f9021d) Importer(815301076,1909f56bfc062723c751e8b465ee728b)
Start importing Assets/Staff/Texture4.mat using Guid(a3ec87e918425af4cb0d7bcb92f9021d) Importer(815301076,1909f56bfc062723c751e8b465ee728b)  -> (artifact id: '6ff83489430b926ed44ae821d27c3ae4') in 0.021876 seconds
Number of updated asset objects reloaded before import = 0
Number of asset objects unloaded after import = 2
========================================================================
Received Import Request.
  Time since last request: 0.000029 seconds.
  path: Assets/Staff/Texture5.mat
  artifactKey: Guid(b0c333abbe954a940aad11e5ead174a0) Importer(815301076,1909f56bfc062723c751e8b465ee728b)
Start importing Assets/Staff/Texture5.mat using Guid(b0c333abbe954a940aad11e5ead174a0) Importer(815301076,1909f56bfc062723c751e8b465ee728b)  -> (artifact id: '4b5d813bac54779cbe3f867cff32c8d5') in 0.025573 seconds
Number of updated asset objects reloaded before import = 0
Number of asset objects unloaded after import = 2
========================================================================
Received Import Request.
  Time since last request: 9.434293 seconds.
  path: Assets/Staff/Staff1.controller
  artifactKey: Guid(9018ce6a407bd624da3604242752c15e) Importer(815301076,1909f56bfc062723c751e8b465ee728b)
Start importing Assets/Staff/Staff1.controller using Guid(9018ce6a407bd624da3604242752c15e) Importer(815301076,1909f56bfc062723c751e8b465ee728b)  -> (artifact id: 'c3a3422a6bb66b93f733ab19655480d2') in 0.005432 seconds
Number of updated asset objects reloaded before import = 0
Number of asset objects unloaded after import = 1
========================================================================
Received Import Request.
  Time since last request: 1.353583 seconds.
  path: Assets/Staff/Staff1 1.controller
  artifactKey: Guid(6cee3214798af5e4ba5310e911bf5dcb) Importer(815301076,1909f56bfc062723c751e8b465ee728b)
Start importing Assets/Staff/Staff1 1.controller using Guid(6cee3214798af5e4ba5310e911bf5dcb) Importer(815301076,1909f56bfc062723c751e8b465ee728b)  -> (artifact id: '92b6ac1dbed20e82e64121343fdcdfde') in 0.003342 seconds
Number of updated asset objects reloaded before import = 0
Number of asset objects unloaded after import = 2
========================================================================
Received Import Request.
  Time since last request: 1.237068 seconds.
  path: Assets/Staff/Staff1 2.controller
  artifactKey: Guid(c7db217814f8eaf4b81a9c0720dcd8c6) Importer(815301076,1909f56bfc062723c751e8b465ee728b)
Start importing Assets/Staff/Staff1 2.controller using Guid(c7db217814f8eaf4b81a9c0720dcd8c6) Importer(815301076,1909f56bfc062723c751e8b465ee728b)  -> (artifact id: 'bdf5c6d7d43193b7fd8b849db85fd707') in 0.003395 seconds
Number of updated asset objects reloaded before import = 0
Number of asset objects unloaded after import = 2
========================================================================
Received Import Request.
  Time since last request: 2.580283 seconds.
  path: Assets/Staff/Staff2.controller
  artifactKey: Guid(6cee3214798af5e4ba5310e911bf5dcb) Importer(815301076,1909f56bfc062723c751e8b465ee728b)
Start importing Assets/Staff/Staff2.controller using Guid(6cee3214798af5e4ba5310e911bf5dcb) Importer(815301076,1909f56bfc062723c751e8b465ee728b)  -> (artifact id: '69da5241d56a3441c3370e5673ee611a') in 0.004656 seconds
Number of updated asset objects reloaded before import = 0
Number of asset objects unloaded after import = 2
========================================================================
Received Import Request.
  Time since last request: 2.681522 seconds.
  path: Assets/Staff/Staff3.controller
  artifactKey: Guid(c7db217814f8eaf4b81a9c0720dcd8c6) Importer(815301076,1909f56bfc062723c751e8b465ee728b)
Start importing Assets/Staff/Staff3.controller using Guid(c7db217814f8eaf4b81a9c0720dcd8c6) Importer(815301076,1909f56bfc062723c751e8b465ee728b)  -> (artifact id: 'b26a25e01ea6a054641cb28988a5231f') in 0.003562 seconds
Number of updated asset objects reloaded before import = 0
Number of asset objects unloaded after import = 2
========================================================================
Received Import Request.
  Time since last request: 1.065039 seconds.
  path: Assets/Staff/Staff1.controller
  artifactKey: Guid(9018ce6a407bd624da3604242752c15e) Importer(815301076,1909f56bfc062723c751e8b465ee728b)
Start importing Assets/Staff/Staff1.controller using Guid(9018ce6a407bd624da3604242752c15e) Importer(815301076,1909f56bfc062723c751e8b465ee728b)  -> (artifact id: '102800cdbbd265dc46c0dcca4ba054c5') in 0.000972 seconds
Number of updated asset objects reloaded before import = 0
Number of asset objects unloaded after import = 2
========================================================================
Received Import Request.
  Time since last request: 14.498271 seconds.
  path: Assets/Weapons
  artifactKey: Guid(149b71f655c0626419622a1927380c51) Importer(815301076,1909f56bfc062723c751e8b465ee728b)
Start importing Assets/Weapons using Guid(149b71f655c0626419622a1927380c51) Importer(815301076,1909f56bfc062723c751e8b465ee728b)  -> (artifact id: '4e6a618ed4506aeef2137bbbb88cba96') in 0.000504 seconds
Number of updated asset objects reloaded before import = 0
Number of asset objects unloaded after import = 0
========================================================================
Received Import Request.
  Time since last request: 1.606089 seconds.
  path: Assets/Weapons/Prefabs
  artifactKey: Guid(2e50bb638f8718542a3fc660b6ed380e) Importer(815301076,1909f56bfc062723c751e8b465ee728b)
Start importing Assets/Weapons/Prefabs using Guid(2e50bb638f8718542a3fc660b6ed380e) Importer(815301076,1909f56bfc062723c751e8b465ee728b)  -> (artifact id: 'faa41afce3fd0480d60f35ec915181d2') in 0.001571 seconds
Number of updated asset objects reloaded before import = 0
Number of asset objects unloaded after import = 0
========================================================================
Received Import Request.
  Time since last request: 0.034764 seconds.
  path: Assets/Weapons/Prefabs/Axe.prefab
  artifactKey: Guid(81356192e1efef14b9abc1cf4b9bacfb) Importer(815301076,1909f56bfc062723c751e8b465ee728b)
Start importing Assets/Weapons/Prefabs/Axe.prefab using Guid(81356192e1efef14b9abc1cf4b9bacfb) Importer(815301076,1909f56bfc062723c751e8b465ee728b)  -> (artifact id: 'ee84181b9361b03c2b37283993c4bef6') in 0.020339 seconds
Number of updated asset objects reloaded before import = 0
Number of asset objects unloaded after import = 10
========================================================================
Received Import Request.
  Time since last request: 0.000018 seconds.
  path: Assets/Weapons/Prefabs/Axe4.prefab
  artifactKey: Guid(aafd8a29881ca0c44a84cc241a46738d) Importer(815301076,1909f56bfc062723c751e8b465ee728b)
Start importing Assets/Weapons/Prefabs/Axe4.prefab using Guid(aafd8a29881ca0c44a84cc241a46738d) Importer(815301076,1909f56bfc062723c751e8b465ee728b)  -> (artifact id: '40178bd688bb6ce94efa151fea43a6e3') in 0.010279 seconds
Number of updated asset objects reloaded before import = 0
Number of asset objects unloaded after import = 13
========================================================================
Received Import Request.
  Time since last request: 0.000021 seconds.
  path: Assets/Weapons/Prefabs/Axe6.prefab
  artifactKey: Guid(9c3ca8a1873da8c4285f51dd82fc7756) Importer(815301076,1909f56bfc062723c751e8b465ee728b)
Start importing Assets/Weapons/Prefabs/Axe6.prefab using Guid(9c3ca8a1873da8c4285f51dd82fc7756) Importer(815301076,1909f56bfc062723c751e8b465ee728b)  -> (artifact id: '161ee12d9f347ed75ad3487d88ef1060') in 0.010102 seconds
Number of updated asset objects reloaded before import = 0
Number of asset objects unloaded after import = 11
========================================================================
Received Import Request.
  Time since last request: 0.000017 seconds.
  path: Assets/Weapons/Prefabs/bayonet.prefab
  artifactKey: Guid(02abdc19f195ac84391d9dd3b8d5e667) Importer(815301076,1909f56bfc062723c751e8b465ee728b)
Start importing Assets/Weapons/Prefabs/bayonet.prefab using Guid(02abdc19f195ac84391d9dd3b8d5e667) Importer(815301076,1909f56bfc062723c751e8b465ee728b)  -> (artifact id: 'dbfdb58a5ce88d1ddf541cac1e04138b') in 0.008778 seconds
Number of updated asset objects reloaded before import = 0
Number of asset objects unloaded after import = 10
========================================================================
Received Import Request.
  Time since last request: 0.000024 seconds.
  path: Assets/Weapons/Prefabs/dagger2.prefab
  artifactKey: Guid(0b591b050a38b334e9feb9e3d40b6fa0) Importer(815301076,1909f56bfc062723c751e8b465ee728b)
Start importing Assets/Weapons/Prefabs/dagger2.prefab using Guid(0b591b050a38b334e9feb9e3d40b6fa0) Importer(815301076,1909f56bfc062723c751e8b465ee728b)  -> (artifact id: '137fe2e01bbc9e9705acda4b985e79bc') in 0.009703 seconds
Number of updated asset objects reloaded before import = 0
Number of asset objects unloaded after import = 11
========================================================================
Received Import Request.
  Time since last request: 0.000031 seconds.
  path: Assets/Weapons/Prefabs/dagger4.prefab
  artifactKey: Guid(ee122a3338a420f4daa3f1822d298a9d) Importer(815301076,1909f56bfc062723c751e8b465ee728b)
Start importing Assets/Weapons/Prefabs/dagger4.prefab using Guid(ee122a3338a420f4daa3f1822d298a9d) Importer(815301076,1909f56bfc062723c751e8b465ee728b)  -> (artifact id: '640733e8f04442dd04564d2c351460a9') in 0.009888 seconds
Number of updated asset objects reloaded before import = 0
Number of asset objects unloaded after import = 11
========================================================================
Received Import Request.
  Time since last request: 0.000017 seconds.
  path: Assets/Weapons/Prefabs/hammer2.prefab
  artifactKey: Guid(ecc1cae8cd09ee942866814ef4e0fb59) Importer(815301076,1909f56bfc062723c751e8b465ee728b)
Start importing Assets/Weapons/Prefabs/hammer2.prefab using Guid(ecc1cae8cd09ee942866814ef4e0fb59) Importer(815301076,1909f56bfc062723c751e8b465ee728b)  -> (artifact id: '35eb2082357a935d22ef9dbb657f6b8e') in 0.009324 seconds
Number of updated asset objects reloaded before import = 0
Number of asset objects unloaded after import = 10
========================================================================
Received Import Request.
  Time since last request: 0.001919 seconds.
  path: Assets/Weapons/Prefabs/Long ax.prefab
  artifactKey: Guid(92e51239a7506e24d83fd106ccc4f78f) Importer(815301076,1909f56bfc062723c751e8b465ee728b)
Start importing Assets/Weapons/Prefabs/Long ax.prefab using Guid(92e51239a7506e24d83fd106ccc4f78f) Importer(815301076,1909f56bfc062723c751e8b465ee728b)  -> (artifact id: '87bccaba88068c39dfb4b4e083e65f23') in 0.010733 seconds
Number of updated asset objects reloaded before import = 0
Number of asset objects unloaded after import = 10
========================================================================
Received Import Request.
  Time since last request: 0.000026 seconds.
  path: Assets/Weapons/Prefabs/melee weapons 1.prefab
  artifactKey: Guid(68f040c773a70cf40abab31a4ce66a63) Importer(815301076,1909f56bfc062723c751e8b465ee728b)
Start importing Assets/Weapons/Prefabs/melee weapons 1.prefab using Guid(68f040c773a70cf40abab31a4ce66a63) Importer(815301076,1909f56bfc062723c751e8b465ee728b)  -> (artifact id: '1622f759fa01cff78fc7d25103f06ecf') in 0.063701 seconds
Number of updated asset objects reloaded before import = 0
Number of asset objects unloaded after import = 400
========================================================================
Received Import Request.
  Time since last request: 0.000020 seconds.
  path: Assets/Weapons/Prefabs/sword4.prefab
  artifactKey: Guid(71a0c097329e8ba4d89beed88b0046bb) Importer(815301076,1909f56bfc062723c751e8b465ee728b)
Start importing Assets/Weapons/Prefabs/sword4.prefab using Guid(71a0c097329e8ba4d89beed88b0046bb) Importer(815301076,1909f56bfc062723c751e8b465ee728b)  -> (artifact id: 'dbf164808071d1678fc860f803f3622f') in 0.008591 seconds
Number of updated asset objects reloaded before import = 0
Number of asset objects unloaded after import = 11
========================================================================
Received Import Request.
  Time since last request: 0.000023 seconds.
  path: Assets/Weapons/Prefabs/sword5.prefab
  artifactKey: Guid(020cf799182c54243ad79c06c1e1fdb0) Importer(815301076,1909f56bfc062723c751e8b465ee728b)
Start importing Assets/Weapons/Prefabs/sword5.prefab using Guid(020cf799182c54243ad79c06c1e1fdb0) Importer(815301076,1909f56bfc062723c751e8b465ee728b)  -> (artifact id: '800fee33be12a944fb407cacf234ed70') in 0.016558 seconds
Number of updated asset objects reloaded before import = 0
Number of asset objects unloaded after import = 11
========================================================================
Received Import Request.
  Time since last request: 0.000022 seconds.
  path: Assets/Weapons/Prefabs/Small hammer.prefab
  artifactKey: Guid(59570d3b315a4ae418eb60e479ddc9b8) Importer(815301076,1909f56bfc062723c751e8b465ee728b)
Start importing Assets/Weapons/Prefabs/Small hammer.prefab using Guid(59570d3b315a4ae418eb60e479ddc9b8) Importer(815301076,1909f56bfc062723c751e8b465ee728b)  -> (artifact id: 'e7add41c54dc285fb892fa0fb7559f12') in 0.011443 seconds
Number of updated asset objects reloaded before import = 0
Number of asset objects unloaded after import = 10
========================================================================
Received Import Request.
  Time since last request: 0.000041 seconds.
  path: Assets/Weapons/Prefabs/sword10.prefab
  artifactKey: Guid(560bb073a6dbf844a86357211738a096) Importer(815301076,1909f56bfc062723c751e8b465ee728b)
Start importing Assets/Weapons/Prefabs/sword10.prefab using Guid(560bb073a6dbf844a86357211738a096) Importer(815301076,1909f56bfc062723c751e8b465ee728b)  -> (artifact id: 'cf972213beb580c1c84d9fb633aeeb74') in 0.010505 seconds
Number of updated asset objects reloaded before import = 0
Number of asset objects unloaded after import = 11
========================================================================
Received Import Request.
  Time since last request: 0.000063 seconds.
  path: Assets/Weapons/Prefabs/Spear.prefab
  artifactKey: Guid(9fb39c598d8bb8f4b92467a226228950) Importer(815301076,1909f56bfc062723c751e8b465ee728b)
Start importing Assets/Weapons/Prefabs/Spear.prefab using Guid(9fb39c598d8bb8f4b92467a226228950) Importer(815301076,1909f56bfc062723c751e8b465ee728b)  -> (artifact id: 'df7edb3c1680919dceb97f41855dbdcb') in 0.010565 seconds
Number of updated asset objects reloaded before import = 0
Number of asset objects unloaded after import = 11
========================================================================
Received Import Request.
  Time since last request: 0.000018 seconds.
  path: Assets/Weapons/Prefabs/sword7.prefab
  artifactKey: Guid(2f96d002096a952459fc54624dde2ebc) Importer(815301076,1909f56bfc062723c751e8b465ee728b)
Start importing Assets/Weapons/Prefabs/sword7.prefab using Guid(2f96d002096a952459fc54624dde2ebc) Importer(815301076,1909f56bfc062723c751e8b465ee728b)  -> (artifact id: '97966179bb4329981cde3b52c1ebd244') in 0.011105 seconds
Number of updated asset objects reloaded before import = 0
Number of asset objects unloaded after import = 11
========================================================================
Received Import Request.
  Time since last request: 0.000023 seconds.
  path: Assets/Weapons/Prefabs/sword9.prefab
  artifactKey: Guid(fd212d307ace73041b3267dabc9cd6eb) Importer(815301076,1909f56bfc062723c751e8b465ee728b)
Start importing Assets/Weapons/Prefabs/sword9.prefab using Guid(fd212d307ace73041b3267dabc9cd6eb) Importer(815301076,1909f56bfc062723c751e8b465ee728b)  -> (artifact id: 'e82423cc9eab632247a5a5fff0e244e5') in 0.010999 seconds
Number of updated asset objects reloaded before import = 0
Number of asset objects unloaded after import = 10
========================================================================
Received Import Request.
  Time since last request: 0.000016 seconds.
  path: Assets/Weapons/Prefabs/sword3.prefab
  artifactKey: Guid(e9f4a4da9bb86d14999254e188fd71a5) Importer(815301076,1909f56bfc062723c751e8b465ee728b)
Start importing Assets/Weapons/Prefabs/sword3.prefab using Guid(e9f4a4da9bb86d14999254e188fd71a5) Importer(815301076,1909f56bfc062723c751e8b465ee728b)  -> (artifact id: 'a774d4c23dcc13fd71d1ea85a5742195') in 0.009340 seconds
Number of updated asset objects reloaded before import = 0
Number of asset objects unloaded after import = 13
========================================================================
Received Import Request.
  Time since last request: 0.000025 seconds.
  path: Assets/Weapons/Prefabs/sword2.prefab
  artifactKey: Guid(75c317236956c1243b45953b0303ae68) Importer(815301076,1909f56bfc062723c751e8b465ee728b)
Start importing Assets/Weapons/Prefabs/sword2.prefab using Guid(75c317236956c1243b45953b0303ae68) Importer(815301076,1909f56bfc062723c751e8b465ee728b)  -> (artifact id: '5f1e74a03e9be903aaa296d7d893c4cb') in 0.011154 seconds
Number of updated asset objects reloaded before import = 0
Number of asset objects unloaded after import = 10
========================================================================
Received Import Request.
  Time since last request: 0.000022 seconds.
  path: Assets/Weapons/Prefabs/sword8.prefab
  artifactKey: Guid(e8ffb2edd65c9144fb9d3ab2d7d9ad18) Importer(815301076,1909f56bfc062723c751e8b465ee728b)
Start importing Assets/Weapons/Prefabs/sword8.prefab using Guid(e8ffb2edd65c9144fb9d3ab2d7d9ad18) Importer(815301076,1909f56bfc062723c751e8b465ee728b)  -> (artifact id: 'a7290d898b55eeb0ce3a523557ea9e65') in 0.010514 seconds
Number of updated asset objects reloaded before import = 0
Number of asset objects unloaded after import = 11
========================================================================
Received Import Request.
  Time since last request: 0.000020 seconds.
  path: Assets/Weapons/Prefabs/sword1.prefab
  artifactKey: Guid(a8fa5469028acd240a9d17c8a9772acd) Importer(815301076,1909f56bfc062723c751e8b465ee728b)
Start importing Assets/Weapons/Prefabs/sword1.prefab using Guid(a8fa5469028acd240a9d17c8a9772acd) Importer(815301076,1909f56bfc062723c751e8b465ee728b)  -> (artifact id: '8c1adbc1db1eeb373a176d7a0f2ad1fe') in 0.011137 seconds
Number of updated asset objects reloaded before import = 0
Number of asset objects unloaded after import = 13
========================================================================
Received Import Request.
  Time since last request: 0.000089 seconds.
  path: Assets/Weapons/Prefabs/sword6.prefab
  artifactKey: Guid(8c3f310ee0952294fba12d2bcb89ccd4) Importer(815301076,1909f56bfc062723c751e8b465ee728b)
Start importing Assets/Weapons/Prefabs/sword6.prefab using Guid(8c3f310ee0952294fba12d2bcb89ccd4) Importer(815301076,1909f56bfc062723c751e8b465ee728b)  -> (artifact id: 'd86c5a9f1d5e805019943b4260efcdd5') in 0.010004 seconds
Number of updated asset objects reloaded before import = 0
Number of asset objects unloaded after import = 10
========================================================================
Received Import Request.
  Time since last request: 0.000016 seconds.
  path: Assets/Weapons/Prefabs/sword11.prefab
  artifactKey: Guid(44dda5c39fe26ec48b34396812ede6c1) Importer(815301076,1909f56bfc062723c751e8b465ee728b)
Start importing Assets/Weapons/Prefabs/sword11.prefab using Guid(44dda5c39fe26ec48b34396812ede6c1) Importer(815301076,1909f56bfc062723c751e8b465ee728b)  -> (artifact id: 'feff97506b6a4d474eb4ca993df27eca') in 0.010991 seconds
Number of updated asset objects reloaded before import = 0
Number of asset objects unloaded after import = 11
========================================================================
Received Import Request.
  Time since last request: 11.174347 seconds.
  path: Assets/Sword/AsianSword.controller
  artifactKey: Guid(79a682cc122eb0e4985cdb66c3c7b365) Importer(815301076,1909f56bfc062723c751e8b465ee728b)
Start importing Assets/Sword/AsianSword.controller using Guid(79a682cc122eb0e4985cdb66c3c7b365) Importer(815301076,1909f56bfc062723c751e8b465ee728b)  -> (artifact id: '9aae079b2670f314d3bb46eaa10e522a') in 0.001969 seconds
Number of updated asset objects reloaded before import = 0
Number of asset objects unloaded after import = 5
========================================================================
Received Import Request.
  Time since last request: 29.222396 seconds.
  path: Assets/Sword/MedievalSword.controller
  artifactKey: Guid(ee9f685617f70544db7f759b648d88a3) Importer(815301076,1909f56bfc062723c751e8b465ee728b)
Start importing Assets/Sword/MedievalSword.controller using Guid(ee9f685617f70544db7f759b648d88a3) Importer(815301076,1909f56bfc062723c751e8b465ee728b)  -> (artifact id: '6599ad43905aaed24090fd18c4c3c713') in 0.001375 seconds
Number of updated asset objects reloaded before import = 0
Number of asset objects unloaded after import = 5
========================================================================
Received Import Request.
  Time since last request: 79.397030 seconds.
  path: Assets/Staff/Staff3.controller
  artifactKey: Guid(c7db217814f8eaf4b81a9c0720dcd8c6) Importer(815301076,1909f56bfc062723c751e8b465ee728b)
Start importing Assets/Staff/Staff3.controller using Guid(c7db217814f8eaf4b81a9c0720dcd8c6) Importer(815301076,1909f56bfc062723c751e8b465ee728b)  -> (artifact id: '646600e55eefee0a1c528ce173b11025') in 0.003522 seconds
Number of updated asset objects reloaded before import = 0
Number of asset objects unloaded after import = 5
========================================================================
Received Import Request.
  Time since last request: 16.755998 seconds.
  path: Assets/Staff/Staff1.prefab
  artifactKey: Guid(e31dcc89b47c6a942a54639b4cc70613) Importer(815301076,1909f56bfc062723c751e8b465ee728b)
Start importing Assets/Staff/Staff1.prefab using Guid(e31dcc89b47c6a942a54639b4cc70613) Importer(815301076,1909f56bfc062723c751e8b465ee728b)  -> (artifact id: 'e745d5a43a6464d940fa2685d17d3558') in 0.013941 seconds
Number of updated asset objects reloaded before import = 0
Number of asset objects unloaded after import = 29
========================================================================
Received Import Request.
  Time since last request: 12.408443 seconds.
  path: Assets/Staff/Staff1(Prefab).prefab
  artifactKey: Guid(e31dcc89b47c6a942a54639b4cc70613) Importer(815301076,1909f56bfc062723c751e8b465ee728b)
Start importing Assets/Staff/Staff1(Prefab).prefab using Guid(e31dcc89b47c6a942a54639b4cc70613) Importer(815301076,1909f56bfc062723c751e8b465ee728b)  -> (artifact id: 'af013e6f934bc38300639a7558cbcbec') in 0.014534 seconds
Number of updated asset objects reloaded before import = 0
Number of asset objects unloaded after import = 29
========================================================================
Received Import Request.
  Time since last request: 3.414989 seconds.
  path: Assets/Staff/Staff2.prefab
  artifactKey: Guid(668c3630470063542a6551892b307c3c) Importer(815301076,1909f56bfc062723c751e8b465ee728b)
Start importing Assets/Staff/Staff2.prefab using Guid(668c3630470063542a6551892b307c3c) Importer(815301076,1909f56bfc062723c751e8b465ee728b)  -> (artifact id: 'f0d136c733131c923aa5bf09cbfbcf9a') in 0.010113 seconds
Number of updated asset objects reloaded before import = 0
Number of asset objects unloaded after import = 29
========================================================================
Received Import Request.
  Time since last request: 6.267198 seconds.
  path: Assets/Staff/Staff2(Prefab).prefab
  artifactKey: Guid(668c3630470063542a6551892b307c3c) Importer(815301076,1909f56bfc062723c751e8b465ee728b)
Start importing Assets/Staff/Staff2(Prefab).prefab using Guid(668c3630470063542a6551892b307c3c) Importer(815301076,1909f56bfc062723c751e8b465ee728b)  -> (artifact id: '35105cf23bf18214491b1a00d19078ff') in 0.013973 seconds
Number of updated asset objects reloaded before import = 0
Number of asset objects unloaded after import = 29
========================================================================
Received Import Request.
  Time since last request: 2.750572 seconds.
  path: Assets/Staff/Staff3.prefab
  artifactKey: Guid(245e90b2c93a81f469a5da37f8f1e34f) Importer(815301076,1909f56bfc062723c751e8b465ee728b)
Start importing Assets/Staff/Staff3.prefab using Guid(245e90b2c93a81f469a5da37f8f1e34f) Importer(815301076,1909f56bfc062723c751e8b465ee728b)  -> (artifact id: 'fe20d6fafbd474b9904bd8c3ae64e76a') in 0.013098 seconds
Number of updated asset objects reloaded before import = 0
Number of asset objects unloaded after import = 29
========================================================================
Received Import Request.
  Time since last request: 5.820760 seconds.
  path: Assets/Staff/Staff3(Prefab).prefab
  artifactKey: Guid(245e90b2c93a81f469a5da37f8f1e34f) Importer(815301076,1909f56bfc062723c751e8b465ee728b)
Start importing Assets/Staff/Staff3(Prefab).prefab using Guid(245e90b2c93a81f469a5da37f8f1e34f) Importer(815301076,1909f56bfc062723c751e8b465ee728b)  -> (artifact id: '2a3eda2738362b992b17fa3bc3626932') in 0.010743 seconds
Number of updated asset objects reloaded before import = 0
Number of asset objects unloaded after import = 29
========================================================================
Received Import Request.
  Time since last request: 7.284076 seconds.
  path: Assets/Staff/Staff1(Prefab).prefab
  artifactKey: Guid(e31dcc89b47c6a942a54639b4cc70613) Importer(815301076,1909f56bfc062723c751e8b465ee728b)
Start importing Assets/Staff/Staff1(Prefab).prefab using Guid(e31dcc89b47c6a942a54639b4cc70613) Importer(815301076,1909f56bfc062723c751e8b465ee728b)  -> (artifact id: 'a974467b4ae8da411917d73a833ae35a') in 0.013737 seconds
Number of updated asset objects reloaded before import = 0
Number of asset objects unloaded after import = 30
========================================================================
Received Import Request.
  Time since last request: 4.149530 seconds.
  path: Assets/Staff/Staff1(Prefab).prefab
  artifactKey: Guid(e31dcc89b47c6a942a54639b4cc70613) Importer(815301076,1909f56bfc062723c751e8b465ee728b)
Start importing Assets/Staff/Staff1(Prefab).prefab using Guid(e31dcc89b47c6a942a54639b4cc70613) Importer(815301076,1909f56bfc062723c751e8b465ee728b)  -> (artifact id: '5f0b96908506ed36ced3794c842997bb') in 0.011242 seconds
Number of updated asset objects reloaded before import = 0
Number of asset objects unloaded after import = 35
========================================================================
Received Import Request.
  Time since last request: 19.039360 seconds.
  path: Assets/Sword/SabreSword.controller
  artifactKey: Guid(07b4d96a2cfcc5b499d7813b649b790f) Importer(815301076,1909f56bfc062723c751e8b465ee728b)
Start importing Assets/Sword/SabreSword.controller using Guid(07b4d96a2cfcc5b499d7813b649b790f) Importer(815301076,1909f56bfc062723c751e8b465ee728b)  -> (artifact id: 'c9cbb8c02744f2e1dbf072ef6e85d12d') in 0.002115 seconds
Number of updated asset objects reloaded before import = 0
Number of asset objects unloaded after import = 5
========================================================================
Received Import Request.
  Time since last request: 2.008667 seconds.
  path: Assets/Sword/Prefab
  artifactKey: Guid(9fb2d7a74bf474743b43596a580f0ad5) Importer(815301076,1909f56bfc062723c751e8b465ee728b)
Start importing Assets/Sword/Prefab using Guid(9fb2d7a74bf474743b43596a580f0ad5) Importer(815301076,1909f56bfc062723c751e8b465ee728b)  -> (artifact id: 'abc3efb4b740a029a940274429577148') in 0.000545 seconds
Number of updated asset objects reloaded before import = 0
Number of asset objects unloaded after import = 0
========================================================================
Received Import Request.
  Time since last request: 0.092598 seconds.
  path: Assets/Sword/Prefab/Asian_grey.prefab
  artifactKey: Guid(b1718da3e7f3a154bbe20b0040a6d6b5) Importer(815301076,1909f56bfc062723c751e8b465ee728b)
Start importing Assets/Sword/Prefab/Asian_grey.prefab using Guid(b1718da3e7f3a154bbe20b0040a6d6b5) Importer(815301076,1909f56bfc062723c751e8b465ee728b)  -> (artifact id: '483b79b94334698b8ff44425a9b6cd9e') in 0.010468 seconds
Number of updated asset objects reloaded before import = 0
Number of asset objects unloaded after import = 26
========================================================================
Received Import Request.
  Time since last request: 0.000016 seconds.
  path: Assets/Sword/Prefab/Medival 1.prefab
  artifactKey: Guid(61bba668ba94ac940868dd91831c43f1) Importer(815301076,1909f56bfc062723c751e8b465ee728b)
Start importing Assets/Sword/Prefab/Medival 1.prefab using Guid(61bba668ba94ac940868dd91831c43f1) Importer(815301076,1909f56bfc062723c751e8b465ee728b)  -> (artifact id: '8bb5c6edd3f40501b56548fd9c540958') in 0.013314 seconds
Number of updated asset objects reloaded before import = 0
Number of asset objects unloaded after import = 20
========================================================================
Received Import Request.
  Time since last request: 0.000022 seconds.
  path: Assets/Sword/Prefab/Sabre 1.prefab
  artifactKey: Guid(2bf415b6422616b439280a8f0ff9bdf3) Importer(815301076,1909f56bfc062723c751e8b465ee728b)
Start importing Assets/Sword/Prefab/Sabre 1.prefab using Guid(2bf415b6422616b439280a8f0ff9bdf3) Importer(815301076,1909f56bfc062723c751e8b465ee728b)  -> (artifact id: '2830366b6c2c308a4459998fba435dcb') in 0.014692 seconds
Number of updated asset objects reloaded before import = 0
Number of asset objects unloaded after import = 20
========================================================================
Received Import Request.
  Time since last request: 18.297722 seconds.
  path: Assets/Staff/Staff2(Prefab).prefab
  artifactKey: Guid(668c3630470063542a6551892b307c3c) Importer(815301076,1909f56bfc062723c751e8b465ee728b)
Start importing Assets/Staff/Staff2(Prefab).prefab using Guid(668c3630470063542a6551892b307c3c) Importer(815301076,1909f56bfc062723c751e8b465ee728b)  -> (artifact id: 'a2606ed718cf68aacd732f69e70aa595') in 0.011406 seconds
Number of updated asset objects reloaded before import = 0
Number of asset objects unloaded after import = 30
========================================================================
Received Import Request.
  Time since last request: 3.424515 seconds.
  path: Assets/Staff/Staff2(Prefab).prefab
  artifactKey: Guid(668c3630470063542a6551892b307c3c) Importer(815301076,1909f56bfc062723c751e8b465ee728b)
Start importing Assets/Staff/Staff2(Prefab).prefab using Guid(668c3630470063542a6551892b307c3c) Importer(815301076,1909f56bfc062723c751e8b465ee728b)  -> (artifact id: '6c06d97b9c88e94b9fa850800078bd36') in 0.014657 seconds
Number of updated asset objects reloaded before import = 0
Number of asset objects unloaded after import = 35
========================================================================
Received Import Request.
  Time since last request: 3.852402 seconds.
  path: Assets/Staff/Staff3(Prefab).prefab
  artifactKey: Guid(245e90b2c93a81f469a5da37f8f1e34f) Importer(815301076,1909f56bfc062723c751e8b465ee728b)
Start importing Assets/Staff/Staff3(Prefab).prefab using Guid(245e90b2c93a81f469a5da37f8f1e34f) Importer(815301076,1909f56bfc062723c751e8b465ee728b)  -> (artifact id: 'abb93c5affa1a283df5ed8ad4b90c906') in 0.009996 seconds
Number of updated asset objects reloaded before import = 0
Number of asset objects unloaded after import = 30
========================================================================
Received Import Request.
  Time since last request: 1.781025 seconds.
  path: Assets/Staff/Staff3(Prefab).prefab
  artifactKey: Guid(245e90b2c93a81f469a5da37f8f1e34f) Importer(815301076,1909f56bfc062723c751e8b465ee728b)
Start importing Assets/Staff/Staff3(Prefab).prefab using Guid(245e90b2c93a81f469a5da37f8f1e34f) Importer(815301076,1909f56bfc062723c751e8b465ee728b)  -> (artifact id: '417c60170c7b3282e7be9269d122a049') in 0.012510 seconds
Number of updated asset objects reloaded before import = 0
Number of asset objects unloaded after import = 35
